#
# A fatal error has been detected by the Java Runtime Environment:
#
#  EXCEPTION_ACCESS_VIOLATION (0xc0000005) at pc=0x000000005ccca3c5, pid=1116, tid=7152
#
# JRE version: Java(TM) SE Runtime Environment (8.0_25-b18) (build 1.8.0_25-b18)
# Java VM: Java HotSpot(TM) 64-Bit Server VM (25.25-b02 mixed mode windows-amd64 compressed oops)
# Problematic frame:
# V  [jvm.dll+0x11a3c5]
#
# Failed to write core dump. Minidumps are not enabled by default on client versions of Windows
#
# If you would like to submit a bug report, please visit:
#   http://bugreport.sun.com/bugreport/crash.jsp
#

---------------  T H R E A D  ---------------

Current thread (0x0000000058a61000):  JavaThread "JDWP Transport Listener: dt_socket" daemon [_thread_in_vm, id=7152, stack(0x00000000595e0000,0x00000000596e0000)]

siginfo: ExceptionCode=0xc0000005, reading address 0x000000000000008a

Registers:
RAX=0x00000000596df001, RBX=0x0000000058a61000, RCX=0x000000000000008a, RDX=0x0000000000000000
RSP=0x00000000596df020, RBP=0x000000000000008a, RSI=0x00000000596df138, RDI=0x00000000020f9570
R8 =0x0000000058a61000, R9 =0x00000321006a0001, R10=0x0000000000000000, R11=0x0000000058af43f9
R12=0x0000000000000000, R13=0x0000000058a69008, R14=0x0000000000000000, R15=0x0000000000000000
RIP=0x000000005ccca3c5, EFLAGS=0x0000000000010202

Top of Stack: (sp=0x00000000596df020)
0x00000000596df020:   0000000058a61000 0000000058a61000
0x00000000596df030:   00000000596df0e8 000000005cec78db
0x00000000596df040:   0000000058a61000 000000005cee413d
0x00000000596df050:   0000000000000000 000000006d2a9149
0x00000000596df060:   0000000058aa24b0 000000006d2b2912
0x00000000596df070:   0000000058a61000 0000000000000000
0x00000000596df080:   0000000000000000 0000000000000000
0x00000000596df090:   000000000000008a 000000006d2b1a09
0x00000000596df0a0:   00000000596df138 00000000596df110
0x00000000596df0b0:   0000000000000001 0000000058aa24b0
0x00000000596df0c0:   000000000000008a 000000006d2953b3
0x00000000596df0d0:   00000000596df200 0000000000000001
0x00000000596df0e0:   0000000000000001 0000000058aa24b0
0x00000000596df0f0:   0000000000000009 0000000000000000
0x00000000596df100:   0000000000000000 0000000000000000
0x00000000596df110:   0000000000000001 000000006d295571 

Instructions: (pc=0x000000005ccca3c5)
0x000000005ccca3a5:   cc cc cc cc cc cc cc cc cc cc cc 48 83 ec 28 48
0x000000005ccca3b5:   85 c9 75 07 33 c0 48 83 c4 28 c3 48 89 5c 24 20
0x000000005ccca3c5:   48 8b 19 48 85 db 74 20 48 83 fb 37 74 1a 48 8b
0x000000005ccca3d5:   13 48 8b cb ff 52 10 84 c0 74 0d 48 8b c3 48 8b 


Register to memory mapping:

RAX=0x00000000596df001 is pointing into the stack for thread: 0x0000000058a61000
RBX=0x0000000058a61000 is a thread
RCX=0x000000000000008a is an unknown value
RDX=0x0000000000000000 is an unknown value
RSP=0x00000000596df020 is pointing into the stack for thread: 0x0000000058a61000
RBP=0x000000000000008a is an unknown value
RSI=0x00000000596df138 is pointing into the stack for thread: 0x0000000058a61000
RDI=0x00000000020f9570 is an unknown value
R8 =0x0000000058a61000 is a thread
R9 =0x00000321006a0001 is an unknown value
R10=0x0000000000000000 is an unknown value
R11=0x0000000058af43f9 is an unknown value
R12=0x0000000000000000 is an unknown value
R13=0x0000000058a69008 is an unknown value
R14=0x0000000000000000 is an unknown value
R15=0x0000000000000000 is an unknown value


Stack: [0x00000000595e0000,0x00000000596e0000],  sp=0x00000000596df020,  free space=1020k
Native frames: (J=compiled Java code, j=interpreted, Vv=VM code, C=native code)
V  [jvm.dll+0x11a3c5]
V  [jvm.dll+0x33413d]
C  [jdwp.dll+0x21a09]
C  [jdwp.dll+0x53b3]
C  [jdwp.dll+0x5571]
C  [jdwp.dll+0xf09c]
C  [jdwp.dll+0x1f2c9]
C  [jdwp.dll+0x1f49e]
V  [jvm.dll+0x1abba8]
V  [jvm.dll+0x22bde4]
V  [jvm.dll+0x2852fa]
C  [msvcr100.dll+0x21d9f]
C  [msvcr100.dll+0x21e3b]
C  [kernel32.dll+0x159ed]
C  [ntdll.dll+0x2c541]


---------------  P R O C E S S  ---------------

Java Threads: ( => current thread )
  0x0000000058af6000 JavaThread "Service Thread" daemon [_thread_blocked, id=6180, stack(0x0000000059d50000,0x0000000059e50000)]
  0x0000000058a99000 JavaThread "C1 CompilerThread2" daemon [_thread_blocked, id=1700, stack(0x00000000591a0000,0x00000000592a0000)]
  0x0000000058a87000 JavaThread "C2 CompilerThread1" daemon [_thread_blocked, id=6744, stack(0x0000000059b00000,0x0000000059c00000)]
  0x0000000058a85000 JavaThread "C2 CompilerThread0" daemon [_thread_blocked, id=2808, stack(0x00000000598a0000,0x00000000599a0000)]
  0x0000000058a72000 JavaThread "JDWP Command Reader" daemon [_thread_in_native, id=4012, stack(0x00000000596f0000,0x00000000597f0000)]
  0x0000000058a6e800 JavaThread "JDWP Event Helper Thread" daemon [_thread_blocked, id=2116, stack(0x00000000594d0000,0x00000000595d0000)]
=>0x0000000058a61000 JavaThread "JDWP Transport Listener: dt_socket" daemon [_thread_in_vm, id=7152, stack(0x00000000595e0000,0x00000000596e0000)]
  0x00000000574b5800 JavaThread "Attach Listener" daemon [_thread_blocked, id=5476, stack(0x0000000058960000,0x0000000058a60000)]
  0x00000000574bf000 JavaThread "Signal Dispatcher" daemon [_thread_blocked, id=4524, stack(0x00000000586d0000,0x00000000587d0000)]
  0x0000000057454800 JavaThread "Finalizer" daemon [_thread_blocked, id=6464, stack(0x00000000587d0000,0x00000000588d0000)]
  0x0000000057449800 JavaThread "Reference Handler" daemon [_thread_blocked, id=6784, stack(0x0000000058510000,0x0000000058610000)]
  0x00000000020ff800 JavaThread "main" [_thread_blocked, id=3876, stack(0x0000000002510000,0x0000000002610000)]

Other Threads:
  0x0000000057446000 VMThread [stack: 0x00000000583b0000,0x00000000584b0000] [id=1140]
  0x0000000058af7800 WatcherThread [stack: 0x0000000059c40000,0x0000000059d40000] [id=6920]

VM state:not at safepoint (normal execution)

VM Mutex/Monitor currently owned by a thread: None

Heap:
 PSYoungGen      total 134144K, used 133680K [0x00000000d5d00000, 0x00000000e6300000, 0x0000000100000000)
  eden space 133120K, 100% used [0x00000000d5d00000,0x00000000ddf00000,0x00000000ddf00000)
  from space 1024K, 54% used [0x00000000ddf00000,0x00000000ddf8c020,0x00000000de000000)
  to   space 1024K, 0% used [0x00000000e6200000,0x00000000e6200000,0x00000000e6300000)
 ParOldGen       total 87552K, used 564K [0x0000000081600000, 0x0000000086b80000, 0x00000000d5d00000)
  object space 87552K, 0% used [0x0000000081600000,0x000000008168d070,0x0000000086b80000)
 Metaspace       used 3679K, capacity 4864K, committed 5120K, reserved 1056768K
  class space    used 438K, capacity 496K, committed 512K, reserved 1048576K

Card table byte_map: [0x0000000011ca0000,0x00000000120a0000] byte_map_base: 0x0000000011895000

Marking Bits: (ParMarkBitMap*) 0x000000005d38d490
 Begin Bits: [0x0000000012770000, 0x0000000014718000)
 End Bits:   [0x0000000014718000, 0x00000000166c0000)

Polling page: 0x00000000000b0000

CodeCache: size=245760Kb used=1761Kb max_used=1776Kb free=243998Kb
 bounds [0x00000000028e0000, 0x0000000002b50000, 0x00000000118e0000]
 total_blobs=474 nmethods=226 adapters=170
 compilation: enabled

Compilation events (10 events):
Event: 379.077 Thread 0x0000000058a99000 nmethod 220 0x0000000002a98090 code [0x0000000002a98200, 0x0000000002a98528]
Event: 379.077 Thread 0x0000000058a99000  221       3       java.lang.AbstractStringBuilder::insert (50 bytes)
Event: 379.078 Thread 0x0000000058a99000 nmethod 221 0x0000000002a98610 code [0x0000000002a987a0, 0x0000000002a98b78]
Event: 379.078 Thread 0x0000000058a99000  219       3       java.lang.StringBuffer::<init> (7 bytes)
Event: 379.078 Thread 0x0000000058a99000 nmethod 219 0x0000000002a98d50 code [0x0000000002a98ec0, 0x0000000002a99170]
Event: 379.078 Thread 0x0000000058a85000  229       4       java.lang.String::indexOf (7 bytes)
Event: 379.080 Thread 0x0000000058a85000 nmethod 229 0x0000000002a9bfd0 code [0x0000000002a9c120, 0x0000000002a9c248]
Event: 379.081 Thread 0x0000000058a87000 nmethod 213 0x0000000002a9a090 code [0x0000000002a9a1e0, 0x0000000002a9a778]
Event: 474.374 Thread 0x0000000058a87000  232       4       java.lang.String::startsWith (72 bytes)
Event: 474.383 Thread 0x0000000058a87000 nmethod 232 0x0000000002a99b50 code [0x0000000002a99ca0, 0x0000000002a99ef8]

GC Heap History (10 events):
Event: 0.312 GC heap before
{Heap before GC invocations=3 (full 0):
 PSYoungGen      total 38400K, used 33872K [0x00000000d5d00000, 0x00000000da800000, 0x0000000100000000)
  eden space 33280K, 100% used [0x00000000d5d00000,0x00000000d7d80000,0x00000000d7d80000)
  from space 5120K, 11% used [0x00000000d8280000,0x00000000d8314030,0x00000000d8780000)
  to   space 5120K, 0% used [0x00000000d7d80000,0x00000000d7d80000,0x00000000d8280000)
 ParOldGen       total 87552K, used 8K [0x0000000081600000, 0x0000000086b80000, 0x00000000d5d00000)
  object space 87552K, 0% used [0x0000000081600000,0x0000000081602000,0x0000000086b80000)
 Metaspace       used 2760K, capacity 4600K, committed 4864K, reserved 1056768K
  class space    used 307K, capacity 424K, committed 512K, reserved 1048576K
Event: 0.314 GC heap after
Heap after GC invocations=3 (full 0):
 PSYoungGen      total 38400K, used 672K [0x00000000d5d00000, 0x00000000da800000, 0x0000000100000000)
  eden space 33280K, 0% used [0x00000000d5d00000,0x00000000d5d00000,0x00000000d7d80000)
  from space 5120K, 13% used [0x00000000d7d80000,0x00000000d7e28030,0x00000000d8280000)
  to   space 5120K, 0% used [0x00000000da300000,0x00000000da300000,0x00000000da800000)
 ParOldGen       total 87552K, used 8K [0x0000000081600000, 0x0000000086b80000, 0x00000000d5d00000)
  object space 87552K, 0% used [0x0000000081600000,0x0000000081602000,0x0000000086b80000)
 Metaspace       used 2760K, capacity 4600K, committed 4864K, reserved 1056768K
  class space    used 307K, capacity 424K, committed 512K, reserved 1048576K
}
Event: 0.340 GC heap before
{Heap before GC invocations=4 (full 0):
 PSYoungGen      total 38400K, used 33952K [0x00000000d5d00000, 0x00000000da800000, 0x0000000100000000)
  eden space 33280K, 100% used [0x00000000d5d00000,0x00000000d7d80000,0x00000000d7d80000)
  from space 5120K, 13% used [0x00000000d7d80000,0x00000000d7e28030,0x00000000d8280000)
  to   space 5120K, 0% used [0x00000000da300000,0x00000000da300000,0x00000000da800000)
 ParOldGen       total 87552K, used 8K [0x0000000081600000, 0x0000000086b80000, 0x00000000d5d00000)
  object space 87552K, 0% used [0x0000000081600000,0x0000000081602000,0x0000000086b80000)
 Metaspace       used 2760K, capacity 4600K, committed 4864K, reserved 1056768K
  class space    used 307K, capacity 424K, committed 512K, reserved 1048576K
Event: 0.343 GC heap after
Heap after GC invocations=4 (full 0):
 PSYoungGen      total 71680K, used 736K [0x00000000d5d00000, 0x00000000da800000, 0x0000000100000000)
  eden space 66560K, 0% used [0x00000000d5d00000,0x00000000d5d00000,0x00000000d9e00000)
  from space 5120K, 14% used [0x00000000da300000,0x00000000da3b8030,0x00000000da800000)
  to   space 5120K, 0% used [0x00000000d9e00000,0x00000000d9e00000,0x00000000da300000)
 ParOldGen       total 87552K, used 8K [0x0000000081600000, 0x0000000086b80000, 0x00000000d5d00000)
  object space 87552K, 0% used [0x0000000081600000,0x0000000081602000,0x0000000086b80000)
 Metaspace       used 2760K, capacity 4600K, committed 4864K, reserved 1056768K
  class space    used 307K, capacity 424K, committed 512K, reserved 1048576K
}
Event: 0.397 GC heap before
{Heap before GC invocations=5 (full 0):
 PSYoungGen      total 71680K, used 67296K [0x00000000d5d00000, 0x00000000da800000, 0x0000000100000000)
  eden space 66560K, 100% used [0x00000000d5d00000,0x00000000d9e00000,0x00000000d9e00000)
  from space 5120K, 14% used [0x00000000da300000,0x00000000da3b8030,0x00000000da800000)
  to   space 5120K, 0% used [0x00000000d9e00000,0x00000000d9e00000,0x00000000da300000)
 ParOldGen       total 87552K, used 8K [0x0000000081600000, 0x0000000086b80000, 0x00000000d5d00000)
  object space 87552K, 0% used [0x0000000081600000,0x0000000081602000,0x0000000086b80000)
 Metaspace       used 2760K, capacity 4600K, committed 4864K, reserved 1056768K
  class space    used 307K, capacity 424K, committed 512K, reserved 1048576K
Event: 0.404 GC heap after
Heap after GC invocations=5 (full 0):
 PSYoungGen      total 71680K, used 848K [0x00000000d5d00000, 0x00000000de100000, 0x0000000100000000)
  eden space 66560K, 0% used [0x00000000d5d00000,0x00000000d5d00000,0x00000000d9e00000)
  from space 5120K, 16% used [0x00000000d9e00000,0x00000000d9ed4020,0x00000000da300000)
  to   space 1024K, 0% used [0x00000000de000000,0x00000000de000000,0x00000000de100000)
 ParOldGen       total 87552K, used 16K [0x0000000081600000, 0x0000000086b80000, 0x00000000d5d00000)
  object space 87552K, 0% used [0x0000000081600000,0x0000000081604000,0x0000000086b80000)
 Metaspace       used 2760K, capacity 4600K, committed 4864K, reserved 1056768K
  class space    used 307K, capacity 424K, committed 512K, reserved 1048576K
}
Event: 0.438 GC heap before
{Heap before GC invocations=6 (full 0):
 PSYoungGen      total 71680K, used 67408K [0x00000000d5d00000, 0x00000000de100000, 0x0000000100000000)
  eden space 66560K, 100% used [0x00000000d5d00000,0x00000000d9e00000,0x00000000d9e00000)
  from space 5120K, 16% used [0x00000000d9e00000,0x00000000d9ed4020,0x00000000da300000)
  to   space 1024K, 0% used [0x00000000de000000,0x00000000de000000,0x00000000de100000)
 ParOldGen       total 87552K, used 16K [0x0000000081600000, 0x0000000086b80000, 0x00000000d5d00000)
  object space 87552K, 0% used [0x0000000081600000,0x0000000081604000,0x0000000086b80000)
 Metaspace       used 2760K, capacity 4600K, committed 4864K, reserved 1056768K
  class space    used 307K, capacity 424K, committed 512K, reserved 1048576K
Event: 0.439 GC heap after
Heap after GC invocations=6 (full 0):
 PSYoungGen      total 134144K, used 992K [0x00000000d5d00000, 0x00000000de100000, 0x0000000100000000)
  eden space 133120K, 0% used [0x00000000d5d00000,0x00000000d5d00000,0x00000000ddf00000)
  from space 1024K, 96% used [0x00000000de000000,0x00000000de0f8030,0x00000000de100000)
  to   space 1024K, 0% used [0x00000000ddf00000,0x00000000ddf00000,0x00000000de000000)
 ParOldGen       total 87552K, used 24K [0x0000000081600000, 0x0000000086b80000, 0x00000000d5d00000)
  object space 87552K, 0% used [0x0000000081600000,0x0000000081606000,0x0000000086b80000)
 Metaspace       used 2760K, capacity 4600K, committed 4864K, reserved 1056768K
  class space    used 307K, capacity 424K, committed 512K, reserved 1048576K
}
Event: 0.507 GC heap before
{Heap before GC invocations=7 (full 0):
 PSYoungGen      total 134144K, used 134112K [0x00000000d5d00000, 0x00000000de100000, 0x0000000100000000)
  eden space 133120K, 100% used [0x00000000d5d00000,0x00000000ddf00000,0x00000000ddf00000)
  from space 1024K, 96% used [0x00000000de000000,0x00000000de0f8030,0x00000000de100000)
  to   space 1024K, 0% used [0x00000000ddf00000,0x00000000ddf00000,0x00000000de000000)
 ParOldGen       total 87552K, used 24K [0x0000000081600000, 0x0000000086b80000, 0x00000000d5d00000)
  object space 87552K, 0% used [0x0000000081600000,0x0000000081606000,0x0000000086b80000)
 Metaspace       used 2760K, capacity 4600K, committed 4864K, reserved 1056768K
  class space    used 307K, capacity 424K, committed 512K, reserved 1048576K
Event: 0.509 GC heap after
Heap after GC invocations=7 (full 0):
 PSYoungGen      total 134144K, used 560K [0x00000000d5d00000, 0x00000000e6300000, 0x0000000100000000)
  eden space 133120K, 0% used [0x00000000d5d00000,0x00000000d5d00000,0x00000000ddf00000)
  from space 1024K, 54% used [0x00000000ddf00000,0x00000000ddf8c020,0x00000000de000000)
  to   space 1024K, 0% used [0x00000000e6200000,0x00000000e6200000,0x00000000e6300000)
 ParOldGen       total 87552K, used 564K [0x0000000081600000, 0x0000000086b80000, 0x00000000d5d00000)
  object space 87552K, 0% used [0x0000000081600000,0x000000008168d070,0x0000000086b80000)
 Metaspace       used 2760K, capacity 4600K, committed 4864K, reserved 1056768K
  class space    used 307K, capacity 424K, committed 512K, reserved 1048576K
}

Deoptimization events (10 events):
Event: 8.122 Thread 0x00000000020ff800 Uncommon trap: reason=class_check action=maybe_recompile pc=0x0000000002a387f8 method=java.lang.String.valueOf(Ljava/lang/Object;)Ljava/lang/String; @ 10
Event: 8.122 Thread 0x00000000020ff800 Uncommon trap: reason=class_check action=maybe_recompile pc=0x0000000002a387f8 method=java.lang.String.valueOf(Ljava/lang/Object;)Ljava/lang/String; @ 10
Event: 8.122 Thread 0x00000000020ff800 Uncommon trap: reason=class_check action=maybe_recompile pc=0x0000000002a387f8 method=java.lang.String.valueOf(Ljava/lang/Object;)Ljava/lang/String; @ 10
Event: 8.122 Thread 0x00000000020ff800 Uncommon trap: reason=class_check action=maybe_recompile pc=0x0000000002a387f8 method=java.lang.String.valueOf(Ljava/lang/Object;)Ljava/lang/String; @ 10
Event: 123.449 Thread 0x00000000020ff800 Uncommon trap: reason=unreached action=reinterpret pc=0x0000000002a4ae38 method=java.util.HashMap.getNode(ILjava/lang/Object;)Ljava/util/HashMap$Node; @ 49
Event: 221.397 Thread 0x00000000020ff800 Uncommon trap: reason=bimorphic action=maybe_recompile pc=0x0000000002a8b8a8 method=java.lang.String.valueOf(Ljava/lang/Object;)Ljava/lang/String; @ 10
Event: 229.011 Thread 0x00000000020ff800 Uncommon trap: reason=bimorphic action=maybe_recompile pc=0x0000000002a8b8a8 method=java.lang.String.valueOf(Ljava/lang/Object;)Ljava/lang/String; @ 10
Event: 236.667 Thread 0x00000000020ff800 Uncommon trap: reason=bimorphic action=maybe_recompile pc=0x0000000002a8b8a8 method=java.lang.String.valueOf(Ljava/lang/Object;)Ljava/lang/String; @ 10
Event: 242.679 Thread 0x00000000020ff800 Uncommon trap: reason=bimorphic action=maybe_recompile pc=0x0000000002a8b8a8 method=java.lang.String.valueOf(Ljava/lang/Object;)Ljava/lang/String; @ 10
Event: 290.250 Thread 0x00000000020ff800 Uncommon trap: reason=unreached action=reinterpret pc=0x0000000002a65710 method=java.util.HashMap.getNode(ILjava/lang/Object;)Ljava/util/HashMap$Node; @ 49

Internal exceptions (10 events):
Event: 23.538 Thread 0x00000000020ff800 Exception <a 'java/security/PrivilegedActionException'> (0x00000000dd4cf510) thrown at [D:\re\workspace\8-2-build-windows-amd64-cygwin\jdk8u25\1677\hotspot\src\share\vm\prims\jvm.cpp, line 1312]
Event: 23.540 Thread 0x00000000020ff800 Exception <a 'java/security/PrivilegedActionException'> (0x00000000dd4db340) thrown at [D:\re\workspace\8-2-build-windows-amd64-cygwin\jdk8u25\1677\hotspot\src\share\vm\prims\jvm.cpp, line 1312]
Event: 23.541 Thread 0x00000000020ff800 Exception <a 'java/security/PrivilegedActionException'> (0x00000000dd4dde30) thrown at [D:\re\workspace\8-2-build-windows-amd64-cygwin\jdk8u25\1677\hotspot\src\share\vm\prims\jvm.cpp, line 1312]
Event: 23.542 Thread 0x00000000020ff800 Exception <a 'java/security/PrivilegedActionException'> (0x00000000dd4e12e0) thrown at [D:\re\workspace\8-2-build-windows-amd64-cygwin\jdk8u25\1677\hotspot\src\share\vm\prims\jvm.cpp, line 1312]
Event: 23.542 Thread 0x00000000020ff800 Exception <a 'java/security/PrivilegedActionException'> (0x00000000dd4e3ed0) thrown at [D:\re\workspace\8-2-build-windows-amd64-cygwin\jdk8u25\1677\hotspot\src\share\vm\prims\jvm.cpp, line 1312]
Event: 23.544 Thread 0x00000000020ff800 Exception <a 'java/security/PrivilegedActionException'> (0x00000000dd4f0a30) thrown at [D:\re\workspace\8-2-build-windows-amd64-cygwin\jdk8u25\1677\hotspot\src\share\vm\prims\jvm.cpp, line 1312]
Event: 23.545 Thread 0x00000000020ff800 Exception <a 'java/security/PrivilegedActionException'> (0x00000000dd4f47b0) thrown at [D:\re\workspace\8-2-build-windows-amd64-cygwin\jdk8u25\1677\hotspot\src\share\vm\prims\jvm.cpp, line 1312]
Event: 23.547 Thread 0x00000000020ff800 Exception <a 'java/security/PrivilegedActionException'> (0x00000000dd4f8178) thrown at [D:\re\workspace\8-2-build-windows-amd64-cygwin\jdk8u25\1677\hotspot\src\share\vm\prims\jvm.cpp, line 1312]
Event: 23.552 Thread 0x00000000020ff800 Exception <a 'java/security/PrivilegedActionException'> (0x00000000dd502db8) thrown at [D:\re\workspace\8-2-build-windows-amd64-cygwin\jdk8u25\1677\hotspot\src\share\vm\prims\jvm.cpp, line 1312]
Event: 60.587 Thread 0x00000000020ff800 Exception <a 'java/security/PrivilegedActionException'> (0x00000000dd524db8) thrown at [D:\re\workspace\8-2-build-windows-amd64-cygwin\jdk8u25\1677\hotspot\src\share\vm\prims\jvm.cpp, line 1312]

Events (10 events):
Event: 623.695 Executing VM operation: EnterInterpOnlyMode
Event: 623.695 Executing nested VM operation: Deoptimize
Event: 623.695 Executing nested VM operation: Deoptimize done
Event: 623.695 Executing VM operation: EnterInterpOnlyMode done
Event: 623.695 Executing VM operation: ChangeSingleStep
Event: 623.695 Executing VM operation: ChangeSingleStep done
Event: 623.695 Executing VM operation: ChangeSingleStep
Event: 623.695 Executing VM operation: ChangeSingleStep done
Event: 623.700 Executing VM operation: RedefineClasses
Event: 623.701 Executing VM operation: RedefineClasses done


Dynamic libraries:
0x000000013f5b0000 - 0x000000013f5e4000 	C:\Program Files\Java\jre1.8.0_25\bin\javaw.exe
0x0000000077180000 - 0x0000000077329000 	C:\Windows\SYSTEM32\ntdll.dll
0x0000000077060000 - 0x000000007717f000 	C:\Windows\system32\kernel32.dll
0x000007fefc1c0000 - 0x000007fefc22c000 	C:\Windows\system32\KERNELBASE.dll
0x000007fefdf50000 - 0x000007fefe02b000 	C:\Windows\system32\ADVAPI32.dll
0x000007fefd970000 - 0x000007fefda0f000 	C:\Windows\system32\msvcrt.dll
0x000007fefd6a0000 - 0x000007fefd6bf000 	C:\Windows\SYSTEM32\sechost.dll
0x000007fefe060000 - 0x000007fefe18d000 	C:\Windows\system32\RPCRT4.dll
0x0000000076f60000 - 0x000000007705a000 	C:\Windows\system32\USER32.dll
0x000007fefd3d0000 - 0x000007fefd437000 	C:\Windows\system32\GDI32.dll
0x000007fefd440000 - 0x000007fefd44e000 	C:\Windows\system32\LPK.dll
0x000007fefe4b0000 - 0x000007fefe579000 	C:\Windows\system32\USP10.dll
0x000007fefa5e0000 - 0x000007fefa7d4000 	C:\Windows\WinSxS\amd64_microsoft.windows.common-controls_6595b64144ccf1df_6.0.7601.17514_none_fa396087175ac9ac\COMCTL32.dll
0x000007fefd350000 - 0x000007fefd3c1000 	C:\Windows\system32\SHLWAPI.dll
0x000007fefe030000 - 0x000007fefe05e000 	C:\Windows\system32\IMM32.DLL
0x000007fefe3a0000 - 0x000007fefe4a9000 	C:\Windows\system32\MSCTF.dll
0x000000005c920000 - 0x000000005c9f2000 	C:\Program Files\Java\jre1.8.0_25\bin\msvcr100.dll
0x000000005cbb0000 - 0x000000005d40a000 	C:\Program Files\Java\jre1.8.0_25\bin\server\jvm.dll
0x000007fef8110000 - 0x000007fef8119000 	C:\Windows\system32\WSOCK32.dll
0x000007fefd740000 - 0x000007fefd78d000 	C:\Windows\system32\WS2_32.dll
0x000007fefe5e0000 - 0x000007fefe5e8000 	C:\Windows\system32\NSI.dll
0x000007fef80d0000 - 0x000007fef810b000 	C:\Windows\system32\WINMM.dll
0x0000000077340000 - 0x0000000077347000 	C:\Windows\system32\PSAPI.DLL
0x000000005cba0000 - 0x000000005cbaf000 	C:\Program Files\Java\jre1.8.0_25\bin\verify.dll
0x000000005cb70000 - 0x000000005cb98000 	C:\Program Files\Java\jre1.8.0_25\bin\java.dll
0x000000006d290000 - 0x000000006d2c5000 	C:\Program Files\Java\jre1.8.0_25\bin\jdwp.dll
0x000000006cb20000 - 0x000000006cb28000 	C:\Program Files\Java\jre1.8.0_25\bin\npt.dll
0x000000005cb50000 - 0x000000005cb66000 	C:\Program Files\Java\jre1.8.0_25\bin\zip.dll
0x000007fefc520000 - 0x000007fefd2a8000 	C:\Windows\system32\SHELL32.dll
0x000007fefe190000 - 0x000007fefe393000 	C:\Windows\system32\ole32.dll
0x000007fefc160000 - 0x000007fefc16f000 	C:\Windows\system32\profapi.dll
0x000000006ced0000 - 0x000000006ced9000 	C:\Program Files\Java\jre1.8.0_25\bin\dt_socket.dll
0x000007fef9d90000 - 0x000007fef9da5000 	C:\Windows\system32\NLAapi.dll
0x000007fef0a20000 - 0x000007fef0a35000 	C:\Windows\system32\napinsp.dll
0x000007fef0a00000 - 0x000007fef0a19000 	C:\Windows\system32\pnrpnsp.dll
0x000007fefb940000 - 0x000007fefb995000 	C:\Windows\System32\mswsock.dll
0x000007fefb7c0000 - 0x000007fefb81b000 	C:\Windows\system32\DNSAPI.dll
0x000007fef09e0000 - 0x000007fef09eb000 	C:\Windows\System32\winrnr.dll
0x000007fef09d0000 - 0x000007fef09e0000 	C:\Windows\system32\wshbth.dll
0x000007fef9cf0000 - 0x000007fef9d17000 	C:\Windows\system32\IPHLPAPI.DLL
0x000007fef9ce0000 - 0x000007fef9ceb000 	C:\Windows\system32\WINNSI.DLL
0x000007fef9860000 - 0x000007fef98b3000 	C:\Windows\System32\fwpuclnt.dll
0x000007fef7280000 - 0x000007fef7288000 	C:\Windows\system32\rasadhlp.dll
0x000007fefb310000 - 0x000007fefb317000 	C:\Windows\System32\wshtcpip.dll
0x000000005cb30000 - 0x000000005cb4a000 	C:\Program Files\Java\jre1.8.0_25\bin\net.dll
0x000007fefb930000 - 0x000007fefb937000 	C:\Windows\System32\wship6.dll
0x000000005cb10000 - 0x000000005cb21000 	C:\Program Files\Java\jre1.8.0_25\bin\nio.dll
0x000007feec360000 - 0x000007feec485000 	C:\Windows\system32\dbghelp.dll

VM Arguments:
jvm_args: -agentlib:jdwp=transport=dt_socket,suspend=y,address=localhost:49980 -Dfile.encoding=Cp1252 
java_command: ro.info.astic.Main
java_class_path (initial): D:\Licenta\SourceCode\ASTIC\workspace\ASTIC\bin;D:\Licenta\SourceCode\ASTIC\workspace\ASTIC-lib\bin;D:\Licenta\SourceCode\ASTIC\ExLibs\BaseX782.jar;D:\Licenta\SourceCode\ASTIC\ExLibs\basex-api.jar;D:\Licenta\SourceCode\ASTIC\ExLibs\jaws-bin.jar;D:\Licenta\SourceCode\ASTIC\ExLibs\ojdbc14.jar;D:\Tools\Developer\eclipse-java-luna-SR1-win32-x86_64\eclipse\plugins\org.junit_4.11.0.v201303080030\junit.jar;D:\Tools\Developer\eclipse-java-luna-SR1-win32-x86_64\eclipse\plugins\org.hamcrest.core_1.3.0.v201303031735.jar;D:\Licenta\SourceCode\ASTIC\ExLibs\pdfbox-app-1.8.8.jar;D:\Licenta\SourceCode\ASTIC\ExLibs\gson-2.2.4.jar
Launcher Type: SUN_STANDARD

Environment Variables:
JAVA_HOME=C:\Program Files\Java\jdk1.8.0_25
PATH=C:/Program Files/Java/jre1.8.0_25/bin/server;C:/Program Files/Java/jre1.8.0_25/bin;C:/Program Files/Java/jre1.8.0_25/lib/amd64;D:\Licenta\Database\app\oracle\product\10.2.0\server\bin;C:\ProgramData\Oracle\Java\javapath;C:\Windows\system32;C:\Windows;C:\Windows\System32\Wbem;C:\Windows\System32\WindowsPowerShell\v1.0\;C:\Users\erusu\AppData\Local\Atlassian\SourceTree\git_local\bin;D:\Tools\android-sdk\platform-tools;C:\Program Files\TortoiseSVN\bin;C:\Program Files\Samsung\AllShare Framework DMS\1.3.23\;C:\Program Files\Samsung\AllShare Framework DMS\1.3.23\64bit\;C:\Program Files (x86)\Windows Kits\8.1\Windows Performance Toolkit\;C:\Program Files\Microsoft SQL Server\110\Tools\Binn\;C:\Program Files (x86)\Microsoft SDKs\TypeScript\1.0\;C:\Program Files (x86)\GitExtensions\;D:\Tools\Developer\eclipse-java-luna-SR1-win32-x86_64\eclipse;
USERNAME=erusu
OS=Windows_NT
PROCESSOR_IDENTIFIER=Intel64 Family 6 Model 69 Stepping 1, GenuineIntel



---------------  S Y S T E M  ---------------

OS: Windows 7 , 64 bit Build 7601 Service Pack 1

CPU:total 4 (2 cores per cpu, 2 threads per core) family 6 model 69 stepping 1, cmov, cx8, fxsr, mmx, sse, sse2, sse3, ssse3, sse4.1, sse4.2, popcnt, avx, avx2, aes, clmul, erms, rtm, lzcnt, ht, tsc, tscinvbit, bmi1, bmi2

Memory: 4k page, physical 8291816k(4540916k free), swap 16581772k(11220556k free)

vm_info: Java HotSpot(TM) 64-Bit Server VM (25.25-b02) for windows-amd64 JRE (1.8.0_25-b18), built on Oct  7 2014 14:25:37 by "java_re" with MS VC++ 10.0 (VS2010)

time: Sun Jan 25 10:43:38 2015
elapsed time: 623 seconds (0d 0h 10m 23s)

